
*** Running vivado
    with args -log adder_display.vdi -applog -m64 -product Vivado -messageDb vivado.pb -mode batch -source adder_display.tcl -notrace


****** Vivado v2019.1 (64-bit)
  **** SW Build 2552052 on Fri May 24 14:47:09 MDT 2019
  **** IP Build 2548770 on Fri May 24 18:01:18 MDT 2019
    ** Copyright 1986-2019 Xilinx, Inc. All Rights Reserved.

source adder_display.tcl -notrace
Command: link_design -top adder_display -part xc7a200tfbg676-2
Design is defaulting to srcset: sources_1
Design is defaulting to constrset: constrs_1
INFO: [Device 21-403] Loading part xc7a200tfbg676-2
INFO: [Project 1-454] Reading design checkpoint '/home/dingyi/src/vivado/add/add.srcs/sources_1/imports/source_code/lcd_module.dcp' for cell 'lcd_module'
INFO: [Netlist 29-17] Analyzing 26 Unisim elements for replacement
INFO: [Netlist 29-28] Unisim Transformation completed in 0 CPU seconds
INFO: [Project 1-479] Netlist was created with Vivado 2015.2
INFO: [Project 1-570] Preparing netlist for logic optimization
WARNING: [Opt 31-32] Removing redundant IBUF since it is not being driven by a top-level port. lcd_module/clk_IBUF_inst 
Resolution: The tool has removed redundant IBUF. To resolve this warning, check for redundant IBUF in the input design.
WARNING: [Opt 31-32] Removing redundant IBUF since it is not being driven by a top-level port. lcd_module/display_name_IBUF[0]_inst 
Resolution: The tool has removed redundant IBUF. To resolve this warning, check for redundant IBUF in the input design.
WARNING: [Opt 31-32] Removing redundant IBUF since it is not being driven by a top-level port. lcd_module/display_name_IBUF[10]_inst 
Resolution: The tool has removed redundant IBUF. To resolve this warning, check for redundant IBUF in the input design.
WARNING: [Opt 31-32] Removing redundant IBUF since it is not being driven by a top-level port. lcd_module/display_name_IBUF[11]_inst 
Resolution: The tool has removed redundant IBUF. To resolve this warning, check for redundant IBUF in the input design.
WARNING: [Opt 31-32] Removing redundant IBUF since it is not being driven by a top-level port. lcd_module/display_name_IBUF[12]_inst 
Resolution: The tool has removed redundant IBUF. To resolve this warning, check for redundant IBUF in the input design.
WARNING: [Opt 31-32] Removing redundant IBUF since it is not being driven by a top-level port. lcd_module/display_name_IBUF[13]_inst 
Resolution: The tool has removed redundant IBUF. To resolve this warning, check for redundant IBUF in the input design.
WARNING: [Opt 31-32] Removing redundant IBUF since it is not being driven by a top-level port. lcd_module/display_name_IBUF[14]_inst 
Resolution: The tool has removed redundant IBUF. To resolve this warning, check for redundant IBUF in the input design.
WARNING: [Opt 31-32] Removing redundant IBUF since it is not being driven by a top-level port. lcd_module/display_name_IBUF[15]_inst 
Resolution: The tool has removed redundant IBUF. To resolve this warning, check for redundant IBUF in the input design.
WARNING: [Opt 31-32] Removing redundant IBUF since it is not being driven by a top-level port. lcd_module/display_name_IBUF[16]_inst 
Resolution: The tool has removed redundant IBUF. To resolve this warning, check for redundant IBUF in the input design.
WARNING: [Opt 31-32] Removing redundant IBUF since it is not being driven by a top-level port. lcd_module/display_name_IBUF[17]_inst 
Resolution: The tool has removed redundant IBUF. To resolve this warning, check for redundant IBUF in the input design.
WARNING: [Opt 31-32] Removing redundant IBUF since it is not being driven by a top-level port. lcd_module/display_name_IBUF[18]_inst 
Resolution: The tool has removed redundant IBUF. To resolve this warning, check for redundant IBUF in the input design.
WARNING: [Opt 31-32] Removing redundant IBUF since it is not being driven by a top-level port. lcd_module/display_name_IBUF[19]_inst 
Resolution: The tool has removed redundant IBUF. To resolve this warning, check for redundant IBUF in the input design.
WARNING: [Opt 31-32] Removing redundant IBUF since it is not being driven by a top-level port. lcd_module/display_name_IBUF[1]_inst 
Resolution: The tool has removed redundant IBUF. To resolve this warning, check for redundant IBUF in the input design.
WARNING: [Opt 31-32] Removing redundant IBUF since it is not being driven by a top-level port. lcd_module/display_name_IBUF[20]_inst 
Resolution: The tool has removed redundant IBUF. To resolve this warning, check for redundant IBUF in the input design.
WARNING: [Opt 31-32] Removing redundant IBUF since it is not being driven by a top-level port. lcd_module/display_name_IBUF[21]_inst 
Resolution: The tool has removed redundant IBUF. To resolve this warning, check for redundant IBUF in the input design.
WARNING: [Opt 31-32] Removing redundant IBUF since it is not being driven by a top-level port. lcd_module/display_name_IBUF[22]_inst 
Resolution: The tool has removed redundant IBUF. To resolve this warning, check for redundant IBUF in the input design.
WARNING: [Opt 31-32] Removing redundant IBUF since it is not being driven by a top-level port. lcd_module/display_name_IBUF[23]_inst 
Resolution: The tool has removed redundant IBUF. To resolve this warning, check for redundant IBUF in the input design.
WARNING: [Opt 31-32] Removing redundant IBUF since it is not being driven by a top-level port. lcd_module/display_name_IBUF[24]_inst 
Resolution: The tool has removed redundant IBUF. To resolve this warning, check for redundant IBUF in the input design.
WARNING: [Opt 31-32] Removing redundant IBUF since it is not being driven by a top-level port. lcd_module/display_name_IBUF[25]_inst 
Resolution: The tool has removed redundant IBUF. To resolve this warning, check for redundant IBUF in the input design.
WARNING: [Opt 31-32] Removing redundant IBUF since it is not being driven by a top-level port. lcd_module/display_name_IBUF[26]_inst 
Resolution: The tool has removed redundant IBUF. To resolve this warning, check for redundant IBUF in the input design.
WARNING: [Opt 31-32] Removing redundant IBUF since it is not being driven by a top-level port. lcd_module/display_name_IBUF[27]_inst 
Resolution: The tool has removed redundant IBUF. To resolve this warning, check for redundant IBUF in the input design.
WARNING: [Opt 31-32] Removing redundant IBUF since it is not being driven by a top-level port. lcd_module/display_name_IBUF[28]_inst 
Resolution: The tool has removed redundant IBUF. To resolve this warning, check for redundant IBUF in the input design.
WARNING: [Opt 31-32] Removing redundant IBUF since it is not being driven by a top-level port. lcd_module/display_name_IBUF[29]_inst 
Resolution: The tool has removed redundant IBUF. To resolve this warning, check for redundant IBUF in the input design.
WARNING: [Opt 31-32] Removing redundant IBUF since it is not being driven by a top-level port. lcd_module/display_name_IBUF[2]_inst 
Resolution: The tool has removed redundant IBUF. To resolve this warning, check for redundant IBUF in the input design.
WARNING: [Opt 31-32] Removing redundant IBUF since it is not being driven by a top-level port. lcd_module/display_name_IBUF[30]_inst 
Resolution: The tool has removed redundant IBUF. To resolve this warning, check for redundant IBUF in the input design.
WARNING: [Opt 31-32] Removing redundant IBUF since it is not being driven by a top-level port. lcd_module/display_name_IBUF[31]_inst 
Resolution: The tool has removed redundant IBUF. To resolve this warning, check for redundant IBUF in the input design.
WARNING: [Opt 31-32] Removing redundant IBUF since it is not being driven by a top-level port. lcd_module/display_name_IBUF[32]_inst 
Resolution: The tool has removed redundant IBUF. To resolve this warning, check for redundant IBUF in the input design.
WARNING: [Opt 31-32] Removing redundant IBUF since it is not being driven by a top-level port. lcd_module/display_name_IBUF[33]_inst 
Resolution: The tool has removed redundant IBUF. To resolve this warning, check for redundant IBUF in the input design.
WARNING: [Opt 31-32] Removing redundant IBUF since it is not being driven by a top-level port. lcd_module/display_name_IBUF[34]_inst 
Resolution: The tool has removed redundant IBUF. To resolve this warning, check for redundant IBUF in the input design.
WARNING: [Opt 31-32] Removing redundant IBUF since it is not being driven by a top-level port. lcd_module/display_name_IBUF[35]_inst 
Resolution: The tool has removed redundant IBUF. To resolve this warning, check for redundant IBUF in the input design.
WARNING: [Opt 31-32] Removing redundant IBUF since it is not being driven by a top-level port. lcd_module/display_name_IBUF[36]_inst 
Resolution: The tool has removed redundant IBUF. To resolve this warning, check for redundant IBUF in the input design.
WARNING: [Opt 31-32] Removing redundant IBUF since it is not being driven by a top-level port. lcd_module/display_name_IBUF[37]_inst 
Resolution: The tool has removed redundant IBUF. To resolve this warning, check for redundant IBUF in the input design.
WARNING: [Opt 31-32] Removing redundant IBUF since it is not being driven by a top-level port. lcd_module/display_name_IBUF[38]_inst 
Resolution: The tool has removed redundant IBUF. To resolve this warning, check for redundant IBUF in the input design.
WARNING: [Opt 31-32] Removing redundant IBUF since it is not being driven by a top-level port. lcd_module/display_name_IBUF[39]_inst 
Resolution: The tool has removed redundant IBUF. To resolve this warning, check for redundant IBUF in the input design.
WARNING: [Opt 31-32] Removing redundant IBUF since it is not being driven by a top-level port. lcd_module/display_name_IBUF[3]_inst 
Resolution: The tool has removed redundant IBUF. To resolve this warning, check for redundant IBUF in the input design.
WARNING: [Opt 31-32] Removing redundant IBUF since it is not being driven by a top-level port. lcd_module/display_name_IBUF[4]_inst 
Resolution: The tool has removed redundant IBUF. To resolve this warning, check for redundant IBUF in the input design.
WARNING: [Opt 31-32] Removing redundant IBUF since it is not being driven by a top-level port. lcd_module/display_name_IBUF[5]_inst 
Resolution: The tool has removed redundant IBUF. To resolve this warning, check for redundant IBUF in the input design.
WARNING: [Opt 31-32] Removing redundant IBUF since it is not being driven by a top-level port. lcd_module/display_name_IBUF[6]_inst 
Resolution: The tool has removed redundant IBUF. To resolve this warning, check for redundant IBUF in the input design.
WARNING: [Opt 31-32] Removing redundant IBUF since it is not being driven by a top-level port. lcd_module/display_name_IBUF[7]_inst 
Resolution: The tool has removed redundant IBUF. To resolve this warning, check for redundant IBUF in the input design.
WARNING: [Opt 31-32] Removing redundant IBUF since it is not being driven by a top-level port. lcd_module/display_name_IBUF[8]_inst 
Resolution: The tool has removed redundant IBUF. To resolve this warning, check for redundant IBUF in the input design.
WARNING: [Opt 31-32] Removing redundant IBUF since it is not being driven by a top-level port. lcd_module/display_name_IBUF[9]_inst 
Resolution: The tool has removed redundant IBUF. To resolve this warning, check for redundant IBUF in the input design.
WARNING: [Opt 31-32] Removing redundant IBUF since it is not being driven by a top-level port. lcd_module/display_valid_IBUF_inst 
Resolution: The tool has removed redundant IBUF. To resolve this warning, check for redundant IBUF in the input design.
WARNING: [Opt 31-32] Removing redundant IBUF since it is not being driven by a top-level port. lcd_module/display_value_IBUF[0]_inst 
Resolution: The tool has removed redundant IBUF. To resolve this warning, check for redundant IBUF in the input design.
WARNING: [Opt 31-32] Removing redundant IBUF since it is not being driven by a top-level port. lcd_module/display_value_IBUF[10]_inst 
Resolution: The tool has removed redundant IBUF. To resolve this warning, check for redundant IBUF in the input design.
WARNING: [Opt 31-32] Removing redundant IBUF since it is not being driven by a top-level port. lcd_module/display_value_IBUF[11]_inst 
Resolution: The tool has removed redundant IBUF. To resolve this warning, check for redundant IBUF in the input design.
WARNING: [Opt 31-32] Removing redundant IBUF since it is not being driven by a top-level port. lcd_module/display_value_IBUF[12]_inst 
Resolution: The tool has removed redundant IBUF. To resolve this warning, check for redundant IBUF in the input design.
WARNING: [Opt 31-32] Removing redundant IBUF since it is not being driven by a top-level port. lcd_module/display_value_IBUF[13]_inst 
Resolution: The tool has removed redundant IBUF. To resolve this warning, check for redundant IBUF in the input design.
WARNING: [Opt 31-32] Removing redundant IBUF since it is not being driven by a top-level port. lcd_module/display_value_IBUF[14]_inst 
Resolution: The tool has removed redundant IBUF. To resolve this warning, check for redundant IBUF in the input design.
WARNING: [Opt 31-32] Removing redundant IBUF since it is not being driven by a top-level port. lcd_module/display_value_IBUF[15]_inst 
Resolution: The tool has removed redundant IBUF. To resolve this warning, check for redundant IBUF in the input design.
WARNING: [Opt 31-32] Removing redundant IBUF since it is not being driven by a top-level port. lcd_module/display_value_IBUF[16]_inst 
Resolution: The tool has removed redundant IBUF. To resolve this warning, check for redundant IBUF in the input design.
WARNING: [Opt 31-32] Removing redundant IBUF since it is not being driven by a top-level port. lcd_module/display_value_IBUF[17]_inst 
Resolution: The tool has removed redundant IBUF. To resolve this warning, check for redundant IBUF in the input design.
WARNING: [Opt 31-32] Removing redundant IBUF since it is not being driven by a top-level port. lcd_module/display_value_IBUF[18]_inst 
Resolution: The tool has removed redundant IBUF. To resolve this warning, check for redundant IBUF in the input design.
WARNING: [Opt 31-32] Removing redundant IBUF since it is not being driven by a top-level port. lcd_module/display_value_IBUF[19]_inst 
Resolution: The tool has removed redundant IBUF. To resolve this warning, check for redundant IBUF in the input design.
WARNING: [Opt 31-32] Removing redundant IBUF since it is not being driven by a top-level port. lcd_module/display_value_IBUF[1]_inst 
Resolution: The tool has removed redundant IBUF. To resolve this warning, check for redundant IBUF in the input design.
WARNING: [Opt 31-32] Removing redundant IBUF since it is not being driven by a top-level port. lcd_module/display_value_IBUF[20]_inst 
Resolution: The tool has removed redundant IBUF. To resolve this warning, check for redundant IBUF in the input design.
WARNING: [Opt 31-32] Removing redundant IBUF since it is not being driven by a top-level port. lcd_module/display_value_IBUF[21]_inst 
Resolution: The tool has removed redundant IBUF. To resolve this warning, check for redundant IBUF in the input design.
WARNING: [Opt 31-32] Removing redundant IBUF since it is not being driven by a top-level port. lcd_module/display_value_IBUF[22]_inst 
Resolution: The tool has removed redundant IBUF. To resolve this warning, check for redundant IBUF in the input design.
WARNING: [Opt 31-32] Removing redundant IBUF since it is not being driven by a top-level port. lcd_module/display_value_IBUF[23]_inst 
Resolution: The tool has removed redundant IBUF. To resolve this warning, check for redundant IBUF in the input design.
WARNING: [Opt 31-32] Removing redundant IBUF since it is not being driven by a top-level port. lcd_module/display_value_IBUF[24]_inst 
Resolution: The tool has removed redundant IBUF. To resolve this warning, check for redundant IBUF in the input design.
WARNING: [Opt 31-32] Removing redundant IBUF since it is not being driven by a top-level port. lcd_module/display_value_IBUF[25]_inst 
Resolution: The tool has removed redundant IBUF. To resolve this warning, check for redundant IBUF in the input design.
WARNING: [Opt 31-32] Removing redundant IBUF since it is not being driven by a top-level port. lcd_module/display_value_IBUF[26]_inst 
Resolution: The tool has removed redundant IBUF. To resolve this warning, check for redundant IBUF in the input design.
WARNING: [Opt 31-32] Removing redundant IBUF since it is not being driven by a top-level port. lcd_module/display_value_IBUF[27]_inst 
Resolution: The tool has removed redundant IBUF. To resolve this warning, check for redundant IBUF in the input design.
WARNING: [Opt 31-32] Removing redundant IBUF since it is not being driven by a top-level port. lcd_module/display_value_IBUF[28]_inst 
Resolution: The tool has removed redundant IBUF. To resolve this warning, check for redundant IBUF in the input design.
WARNING: [Opt 31-32] Removing redundant IBUF since it is not being driven by a top-level port. lcd_module/display_value_IBUF[29]_inst 
Resolution: The tool has removed redundant IBUF. To resolve this warning, check for redundant IBUF in the input design.
WARNING: [Opt 31-32] Removing redundant IBUF since it is not being driven by a top-level port. lcd_module/display_value_IBUF[2]_inst 
Resolution: The tool has removed redundant IBUF. To resolve this warning, check for redundant IBUF in the input design.
WARNING: [Opt 31-32] Removing redundant IBUF since it is not being driven by a top-level port. lcd_module/display_value_IBUF[30]_inst 
Resolution: The tool has removed redundant IBUF. To resolve this warning, check for redundant IBUF in the input design.
WARNING: [Opt 31-32] Removing redundant IBUF since it is not being driven by a top-level port. lcd_module/display_value_IBUF[31]_inst 
Resolution: The tool has removed redundant IBUF. To resolve this warning, check for redundant IBUF in the input design.
WARNING: [Opt 31-32] Removing redundant IBUF since it is not being driven by a top-level port. lcd_module/display_value_IBUF[3]_inst 
Resolution: The tool has removed redundant IBUF. To resolve this warning, check for redundant IBUF in the input design.
WARNING: [Opt 31-32] Removing redundant IBUF since it is not being driven by a top-level port. lcd_module/display_value_IBUF[4]_inst 
Resolution: The tool has removed redundant IBUF. To resolve this warning, check for redundant IBUF in the input design.
WARNING: [Opt 31-32] Removing redundant IBUF since it is not being driven by a top-level port. lcd_module/display_value_IBUF[5]_inst 
Resolution: The tool has removed redundant IBUF. To resolve this warning, check for redundant IBUF in the input design.
WARNING: [Opt 31-32] Removing redundant IBUF since it is not being driven by a top-level port. lcd_module/display_value_IBUF[6]_inst 
Resolution: The tool has removed redundant IBUF. To resolve this warning, check for redundant IBUF in the input design.
WARNING: [Opt 31-32] Removing redundant IBUF since it is not being driven by a top-level port. lcd_module/display_value_IBUF[7]_inst 
Resolution: The tool has removed redundant IBUF. To resolve this warning, check for redundant IBUF in the input design.
WARNING: [Opt 31-32] Removing redundant IBUF since it is not being driven by a top-level port. lcd_module/display_value_IBUF[8]_inst 
Resolution: The tool has removed redundant IBUF. To resolve this warning, check for redundant IBUF in the input design.
WARNING: [Opt 31-32] Removing redundant IBUF since it is not being driven by a top-level port. lcd_module/display_value_IBUF[9]_inst 
Resolution: The tool has removed redundant IBUF. To resolve this warning, check for redundant IBUF in the input design.
WARNING: [Opt 31-35] Removing redundant IBUF, lcd_module/resetn_IBUF_inst, from the path connected to top-level port: resetn 
Resolution: The tool has removed redundant IBUF. To resolve this warning, check for redundant IBUF in the input design.
WARNING: [Opt 31-36] Removing redundant OBUF, ct_rstn_OBUF_inst, from the path connected to top-level port: ct_rstn 
Resolution: The tool has removed redundant OBUF. To resolve this warning, check for redundant OBUF in the input design.
WARNING: [Opt 31-36] Removing redundant OBUF, ct_scl_OBUF_inst, from the path connected to top-level port: ct_scl 
Resolution: The tool has removed redundant OBUF. To resolve this warning, check for redundant OBUF in the input design.
WARNING: [Opt 31-33] Removing redundant OBUF since it is not driving a top-level port. lcd_module/input_value_OBUF[12]_inst 
Resolution: The tool has removed redundant OBUF. To resolve this warning, check for redundant OBUF in the input design.
WARNING: [Opt 31-36] Removing redundant OBUF, lcd_wr_OBUF_inst, from the path connected to top-level port: lcd_wr 
Resolution: The tool has removed redundant OBUF. To resolve this warning, check for redundant OBUF in the input design.
WARNING: [Opt 31-36] Removing redundant OBUF, lcd_rst_OBUF_inst, from the path connected to top-level port: lcd_rst 
Resolution: The tool has removed redundant OBUF. To resolve this warning, check for redundant OBUF in the input design.
WARNING: [Opt 31-36] Removing redundant OBUF, lcd_rs_OBUF_inst, from the path connected to top-level port: lcd_rs 
Resolution: The tool has removed redundant OBUF. To resolve this warning, check for redundant OBUF in the input design.
WARNING: [Opt 31-36] Removing redundant OBUF, lcd_rd_OBUF_inst, from the path connected to top-level port: lcd_rd 
Resolution: The tool has removed redundant OBUF. To resolve this warning, check for redundant OBUF in the input design.
WARNING: [Opt 31-33] Removing redundant OBUF since it is not driving a top-level port. lcd_module/display_number_OBUF[0]_inst 
Resolution: The tool has removed redundant OBUF. To resolve this warning, check for redundant OBUF in the input design.
WARNING: [Opt 31-33] Removing redundant OBUF since it is not driving a top-level port. lcd_module/display_number_OBUF[1]_inst 
Resolution: The tool has removed redundant OBUF. To resolve this warning, check for redundant OBUF in the input design.
WARNING: [Opt 31-33] Removing redundant OBUF since it is not driving a top-level port. lcd_module/display_number_OBUF[2]_inst 
Resolution: The tool has removed redundant OBUF. To resolve this warning, check for redundant OBUF in the input design.
WARNING: [Opt 31-33] Removing redundant OBUF since it is not driving a top-level port. lcd_module/display_number_OBUF[3]_inst 
Resolution: The tool has removed redundant OBUF. To resolve this warning, check for redundant OBUF in the input design.
WARNING: [Opt 31-33] Removing redundant OBUF since it is not driving a top-level port. lcd_module/display_number_OBUF[4]_inst 
Resolution: The tool has removed redundant OBUF. To resolve this warning, check for redundant OBUF in the input design.
WARNING: [Opt 31-33] Removing redundant OBUF since it is not driving a top-level port. lcd_module/display_number_OBUF[5]_inst 
Resolution: The tool has removed redundant OBUF. To resolve this warning, check for redundant OBUF in the input design.
WARNING: [Opt 31-36] Removing redundant OBUF, lcd_cs_OBUF_inst, from the path connected to top-level port: lcd_cs 
Resolution: The tool has removed redundant OBUF. To resolve this warning, check for redundant OBUF in the input design.
WARNING: [Opt 31-36] Removing redundant OBUF, lcd_bl_ctr_OBUF_inst, from the path connected to top-level port: lcd_bl_ctr 
Resolution: The tool has removed redundant OBUF. To resolve this warning, check for redundant OBUF in the input design.
WARNING: [Opt 31-33] Removing redundant OBUF since it is not driving a top-level port. lcd_module/input_value_OBUF[9]_inst 
Resolution: The tool has removed redundant OBUF. To resolve this warning, check for redundant OBUF in the input design.
WARNING: [Opt 31-33] Removing redundant OBUF since it is not driving a top-level port. lcd_module/input_value_OBUF[8]_inst 
Resolution: The tool has removed redundant OBUF. To resolve this warning, check for redundant OBUF in the input design.
WARNING: [Opt 31-33] Removing redundant OBUF since it is not driving a top-level port. lcd_module/input_value_OBUF[7]_inst 
Resolution: The tool has removed redundant OBUF. To resolve this warning, check for redundant OBUF in the input design.
WARNING: [Opt 31-33] Removing redundant OBUF since it is not driving a top-level port. lcd_module/input_value_OBUF[6]_inst 
Resolution: The tool has removed redundant OBUF. To resolve this warning, check for redundant OBUF in the input design.
WARNING: [Opt 31-33] Removing redundant OBUF since it is not driving a top-level port. lcd_module/input_value_OBUF[5]_inst 
Resolution: The tool has removed redundant OBUF. To resolve this warning, check for redundant OBUF in the input design.
WARNING: [Opt 31-33] Removing redundant OBUF since it is not driving a top-level port. lcd_module/input_value_OBUF[4]_inst 
Resolution: The tool has removed redundant OBUF. To resolve this warning, check for redundant OBUF in the input design.
WARNING: [Opt 31-33] Removing redundant OBUF since it is not driving a top-level port. lcd_module/input_value_OBUF[3]_inst 
Resolution: The tool has removed redundant OBUF. To resolve this warning, check for redundant OBUF in the input design.
WARNING: [Opt 31-33] Removing redundant OBUF since it is not driving a top-level port. lcd_module/input_value_OBUF[31]_inst 
Resolution: The tool has removed redundant OBUF. To resolve this warning, check for redundant OBUF in the input design.
WARNING: [Opt 31-33] Removing redundant OBUF since it is not driving a top-level port. lcd_module/input_value_OBUF[30]_inst 
Resolution: The tool has removed redundant OBUF. To resolve this warning, check for redundant OBUF in the input design.
WARNING: [Opt 31-33] Removing redundant OBUF since it is not driving a top-level port. lcd_module/input_value_OBUF[2]_inst 
Resolution: The tool has removed redundant OBUF. To resolve this warning, check for redundant OBUF in the input design.
WARNING: [Opt 31-33] Removing redundant OBUF since it is not driving a top-level port. lcd_module/input_value_OBUF[29]_inst 
Resolution: The tool has removed redundant OBUF. To resolve this warning, check for redundant OBUF in the input design.
WARNING: [Opt 31-33] Removing redundant OBUF since it is not driving a top-level port. lcd_module/input_value_OBUF[28]_inst 
Resolution: The tool has removed redundant OBUF. To resolve this warning, check for redundant OBUF in the input design.
WARNING: [Opt 31-33] Removing redundant OBUF since it is not driving a top-level port. lcd_module/input_value_OBUF[27]_inst 
Resolution: The tool has removed redundant OBUF. To resolve this warning, check for redundant OBUF in the input design.
WARNING: [Opt 31-33] Removing redundant OBUF since it is not driving a top-level port. lcd_module/input_value_OBUF[26]_inst 
Resolution: The tool has removed redundant OBUF. To resolve this warning, check for redundant OBUF in the input design.
WARNING: [Opt 31-33] Removing redundant OBUF since it is not driving a top-level port. lcd_module/input_value_OBUF[25]_inst 
Resolution: The tool has removed redundant OBUF. To resolve this warning, check for redundant OBUF in the input design.
WARNING: [Opt 31-33] Removing redundant OBUF since it is not driving a top-level port. lcd_module/input_value_OBUF[24]_inst 
Resolution: The tool has removed redundant OBUF. To resolve this warning, check for redundant OBUF in the input design.
WARNING: [Opt 31-33] Removing redundant OBUF since it is not driving a top-level port. lcd_module/input_value_OBUF[23]_inst 
Resolution: The tool has removed redundant OBUF. To resolve this warning, check for redundant OBUF in the input design.
WARNING: [Opt 31-33] Removing redundant OBUF since it is not driving a top-level port. lcd_module/input_value_OBUF[22]_inst 
Resolution: The tool has removed redundant OBUF. To resolve this warning, check for redundant OBUF in the input design.
WARNING: [Opt 31-33] Removing redundant OBUF since it is not driving a top-level port. lcd_module/input_value_OBUF[21]_inst 
Resolution: The tool has removed redundant OBUF. To resolve this warning, check for redundant OBUF in the input design.
WARNING: [Opt 31-33] Removing redundant OBUF since it is not driving a top-level port. lcd_module/input_value_OBUF[20]_inst 
Resolution: The tool has removed redundant OBUF. To resolve this warning, check for redundant OBUF in the input design.
WARNING: [Opt 31-33] Removing redundant OBUF since it is not driving a top-level port. lcd_module/input_value_OBUF[1]_inst 
Resolution: The tool has removed redundant OBUF. To resolve this warning, check for redundant OBUF in the input design.
WARNING: [Opt 31-33] Removing redundant OBUF since it is not driving a top-level port. lcd_module/input_value_OBUF[19]_inst 
Resolution: The tool has removed redundant OBUF. To resolve this warning, check for redundant OBUF in the input design.
WARNING: [Opt 31-33] Removing redundant OBUF since it is not driving a top-level port. lcd_module/input_value_OBUF[18]_inst 
Resolution: The tool has removed redundant OBUF. To resolve this warning, check for redundant OBUF in the input design.
WARNING: [Opt 31-33] Removing redundant OBUF since it is not driving a top-level port. lcd_module/input_value_OBUF[17]_inst 
Resolution: The tool has removed redundant OBUF. To resolve this warning, check for redundant OBUF in the input design.
WARNING: [Opt 31-33] Removing redundant OBUF since it is not driving a top-level port. lcd_module/input_value_OBUF[16]_inst 
Resolution: The tool has removed redundant OBUF. To resolve this warning, check for redundant OBUF in the input design.
WARNING: [Opt 31-33] Removing redundant OBUF since it is not driving a top-level port. lcd_module/input_value_OBUF[15]_inst 
Resolution: The tool has removed redundant OBUF. To resolve this warning, check for redundant OBUF in the input design.
WARNING: [Opt 31-33] Removing redundant OBUF since it is not driving a top-level port. lcd_module/input_value_OBUF[14]_inst 
Resolution: The tool has removed redundant OBUF. To resolve this warning, check for redundant OBUF in the input design.
WARNING: [Opt 31-33] Removing redundant OBUF since it is not driving a top-level port. lcd_module/input_value_OBUF[13]_inst 
Resolution: The tool has removed redundant OBUF. To resolve this warning, check for redundant OBUF in the input design.
WARNING: [Opt 31-33] Removing redundant OBUF since it is not driving a top-level port. lcd_module/input_valid_OBUF_inst 
Resolution: The tool has removed redundant OBUF. To resolve this warning, check for redundant OBUF in the input design.
WARNING: [Opt 31-33] Removing redundant OBUF since it is not driving a top-level port. lcd_module/input_value_OBUF[0]_inst 
Resolution: The tool has removed redundant OBUF. To resolve this warning, check for redundant OBUF in the input design.
WARNING: [Opt 31-33] Removing redundant OBUF since it is not driving a top-level port. lcd_module/input_value_OBUF[10]_inst 
Resolution: The tool has removed redundant OBUF. To resolve this warning, check for redundant OBUF in the input design.
WARNING: [Opt 31-33] Removing redundant OBUF since it is not driving a top-level port. lcd_module/input_value_OBUF[11]_inst 
Resolution: The tool has removed redundant OBUF. To resolve this warning, check for redundant OBUF in the input design.
Parsing XDC File [/home/dingyi/src/vivado/add/add.srcs/constrs_1/imports/1_adder/adder.xdc]
Finished Parsing XDC File [/home/dingyi/src/vivado/add/add.srcs/constrs_1/imports/1_adder/adder.xdc]
INFO: [Opt 31-138] Pushed 0 inverter(s) to 0 load pin(s).
Netlist sorting complete. Time (s): cpu = 00:00:00 ; elapsed = 00:00:00 . Memory (MB): peak = 1718.762 ; gain = 0.000 ; free physical = 10217 ; free virtual = 11972
INFO: [Project 1-111] Unisim Transformation Summary:
  A total of 2 instances were transformed.
  IOBUF => IOBUF (IBUF, OBUFT): 2 instances

8 Infos, 122 Warnings, 0 Critical Warnings and 0 Errors encountered.
link_design completed successfully
Command: opt_design
Attempting to get a license for feature 'Implementation' and/or device 'xc7a200t'
INFO: [Common 17-349] Got license for feature 'Implementation' and/or device 'xc7a200t'
Running DRC as a precondition to command opt_design

Starting DRC Task
INFO: [DRC 23-27] Running DRC with 8 threads
WARNING: [DRC RPBF-3] IO port buffering is incomplete: Device port lcd_data_io[0] expects both input and output buffering but the buffers are incomplete.
WARNING: [DRC RPBF-3] IO port buffering is incomplete: Device port lcd_data_io[10] expects both input and output buffering but the buffers are incomplete.
WARNING: [DRC RPBF-3] IO port buffering is incomplete: Device port lcd_data_io[11] expects both input and output buffering but the buffers are incomplete.
WARNING: [DRC RPBF-3] IO port buffering is incomplete: Device port lcd_data_io[12] expects both input and output buffering but the buffers are incomplete.
WARNING: [DRC RPBF-3] IO port buffering is incomplete: Device port lcd_data_io[13] expects both input and output buffering but the buffers are incomplete.
WARNING: [DRC RPBF-3] IO port buffering is incomplete: Device port lcd_data_io[14] expects both input and output buffering but the buffers are incomplete.
WARNING: [DRC RPBF-3] IO port buffering is incomplete: Device port lcd_data_io[15] expects both input and output buffering but the buffers are incomplete.
WARNING: [DRC RPBF-3] IO port buffering is incomplete: Device port lcd_data_io[1] expects both input and output buffering but the buffers are incomplete.
WARNING: [DRC RPBF-3] IO port buffering is incomplete: Device port lcd_data_io[2] expects both input and output buffering but the buffers are incomplete.
WARNING: [DRC RPBF-3] IO port buffering is incomplete: Device port lcd_data_io[3] expects both input and output buffering but the buffers are incomplete.
WARNING: [DRC RPBF-3] IO port buffering is incomplete: Device port lcd_data_io[4] expects both input and output buffering but the buffers are incomplete.
WARNING: [DRC RPBF-3] IO port buffering is incomplete: Device port lcd_data_io[5] expects both input and output buffering but the buffers are incomplete.
WARNING: [DRC RPBF-3] IO port buffering is incomplete: Device port lcd_data_io[6] expects both input and output buffering but the buffers are incomplete.
WARNING: [DRC RPBF-3] IO port buffering is incomplete: Device port lcd_data_io[7] expects both input and output buffering but the buffers are incomplete.
WARNING: [DRC RPBF-3] IO port buffering is incomplete: Device port lcd_data_io[8] expects both input and output buffering but the buffers are incomplete.
WARNING: [DRC RPBF-3] IO port buffering is incomplete: Device port lcd_data_io[9] expects both input and output buffering but the buffers are incomplete.
INFO: [Project 1-461] DRC finished with 0 Errors, 16 Warnings
INFO: [Project 1-462] Please refer to the DRC report (report_drc) for more information.

Time (s): cpu = 00:00:01 ; elapsed = 00:00:01 . Memory (MB): peak = 1890.887 ; gain = 172.125 ; free physical = 10218 ; free virtual = 11971

Starting Cache Timing Information Task
INFO: [Timing 38-35] Done setting XDC timing constraints.
Ending Cache Timing Information Task | Checksum: e702556a

Time (s): cpu = 00:00:06 ; elapsed = 00:00:06 . Memory (MB): peak = 2278.082 ; gain = 387.195 ; free physical = 9719 ; free virtual = 11489

Starting Logic Optimization Task

Phase 1 Retarget
INFO: [Opt 31-138] Pushed 0 inverter(s) to 0 load pin(s).
INFO: [Opt 31-49] Retargeted 0 cell(s).
Phase 1 Retarget | Checksum: 75423336

Time (s): cpu = 00:00:00.13 ; elapsed = 00:00:00.05 . Memory (MB): peak = 2394.051 ; gain = 0.000 ; free physical = 9639 ; free virtual = 11409
INFO: [Opt 31-389] Phase Retarget created 9 cells and removed 31 cells

Phase 2 Constant propagation
INFO: [Opt 31-138] Pushed 0 inverter(s) to 0 load pin(s).
Phase 2 Constant propagation | Checksum: dd5e0660

Time (s): cpu = 00:00:00.18 ; elapsed = 00:00:00.06 . Memory (MB): peak = 2394.051 ; gain = 0.000 ; free physical = 9639 ; free virtual = 11409
INFO: [Opt 31-389] Phase Constant propagation created 2 cells and removed 4 cells

Phase 3 Sweep
Phase 3 Sweep | Checksum: d4354371

Time (s): cpu = 00:00:00.20 ; elapsed = 00:00:00.08 . Memory (MB): peak = 2394.051 ; gain = 0.000 ; free physical = 9639 ; free virtual = 11409
INFO: [Opt 31-389] Phase Sweep created 0 cells and removed 0 cells
INFO: [Opt 31-1021] In phase Sweep, 1 netlist objects are constrained preventing optimization. Please run opt_design with -debug_log to get more detail. 

Phase 4 BUFG optimization
INFO: [Opt 31-274] Optimized connectivity to 1 cascaded buffer cells
Phase 4 BUFG optimization | Checksum: 11ad5294e

Time (s): cpu = 00:00:00.21 ; elapsed = 00:00:00.10 . Memory (MB): peak = 2394.051 ; gain = 0.000 ; free physical = 9639 ; free virtual = 11409
INFO: [Opt 31-662] Phase BUFG optimization created 0 cells of which 0 are BUFGs and removed 1 cells.

Phase 5 Shift Register Optimization
INFO: [Opt 31-1064] SRL Remap converted 0 SRLs to 0 registers and converted 0 registers of register chains to 0 SRLs
Phase 5 Shift Register Optimization | Checksum: 11ad5294e

Time (s): cpu = 00:00:00.22 ; elapsed = 00:00:00.10 . Memory (MB): peak = 2394.051 ; gain = 0.000 ; free physical = 9639 ; free virtual = 11409
INFO: [Opt 31-389] Phase Shift Register Optimization created 0 cells and removed 0 cells

Phase 6 Post Processing Netlist
Phase 6 Post Processing Netlist | Checksum: 88f54698

Time (s): cpu = 00:00:00.22 ; elapsed = 00:00:00.11 . Memory (MB): peak = 2394.051 ; gain = 0.000 ; free physical = 9639 ; free virtual = 11409
INFO: [Opt 31-389] Phase Post Processing Netlist created 0 cells and removed 0 cells
Opt_design Change Summary
=========================


-------------------------------------------------------------------------------------------------------------------------
|  Phase                        |  #Cells created  |  #Cells Removed  |  #Constrained objects preventing optimizations  |
-------------------------------------------------------------------------------------------------------------------------
|  Retarget                     |               9  |              31  |                                              0  |
|  Constant propagation         |               2  |               4  |                                              0  |
|  Sweep                        |               0  |               0  |                                              1  |
|  BUFG optimization            |               0  |               1  |                                              0  |
|  Shift Register Optimization  |               0  |               0  |                                              0  |
|  Post Processing Netlist      |               0  |               0  |                                              0  |
-------------------------------------------------------------------------------------------------------------------------



Starting Connectivity Check Task

Time (s): cpu = 00:00:00.01 ; elapsed = 00:00:00 . Memory (MB): peak = 2394.051 ; gain = 0.000 ; free physical = 9639 ; free virtual = 11409
Ending Logic Optimization Task | Checksum: 17776c1d7

Time (s): cpu = 00:00:00.28 ; elapsed = 00:00:00.13 . Memory (MB): peak = 2394.051 ; gain = 0.000 ; free physical = 9639 ; free virtual = 11410

Starting Power Optimization Task
INFO: [Pwropt 34-132] Skipping clock gating for clocks with a period < 2.00 ns.
INFO: [Pwropt 34-9] Applying IDT optimizations ...
INFO: [Pwropt 34-10] Applying ODC optimizations ...
INFO: [Timing 38-35] Done setting XDC timing constraints.
INFO: [Physopt 32-619] Estimated Timing Summary | WNS=0.000 | TNS=0.000 |
WARNING: [Power 33-232] No user defined clocks were found in the design! Power estimation will be inaccurate until this is corrected.
Resolution: Please specify clocks using create_clock/create_generated_clock for sequential elements. For pure combinatorial circuits, please specify a virtual clock, otherwise the vectorless estimation might be inaccurate
Running Vector-less Activity Propagation...

Finished Running Vector-less Activity Propagation


Starting PowerOpt Patch Enables Task
INFO: [Pwropt 34-162] WRITE_MODE attribute of 0 BRAM(s) out of a total of 1 has been updated to save power. Run report_power_opt to get a complete listing of the BRAMs updated.
INFO: [Pwropt 34-201] Structural ODC has moved 0 WE to EN ports
Number of BRAM Ports augmented: 0 newly gated: 0 Total Ports: 2
Ending PowerOpt Patch Enables Task | Checksum: 17776c1d7

Time (s): cpu = 00:00:00 ; elapsed = 00:00:00.01 . Memory (MB): peak = 2584.941 ; gain = 0.000 ; free physical = 9642 ; free virtual = 11417
Ending Power Optimization Task | Checksum: 17776c1d7

Time (s): cpu = 00:00:00.98 ; elapsed = 00:00:00.74 . Memory (MB): peak = 2584.941 ; gain = 190.891 ; free physical = 9646 ; free virtual = 11421

Starting Final Cleanup Task
Ending Final Cleanup Task | Checksum: 17776c1d7

Time (s): cpu = 00:00:00 ; elapsed = 00:00:00 . Memory (MB): peak = 2584.941 ; gain = 0.000 ; free physical = 9646 ; free virtual = 11421

Starting Netlist Obfuscation Task
Netlist sorting complete. Time (s): cpu = 00:00:00 ; elapsed = 00:00:00 . Memory (MB): peak = 2584.941 ; gain = 0.000 ; free physical = 9646 ; free virtual = 11421
Ending Netlist Obfuscation Task | Checksum: 17776c1d7

Time (s): cpu = 00:00:00 ; elapsed = 00:00:00 . Memory (MB): peak = 2584.941 ; gain = 0.000 ; free physical = 9646 ; free virtual = 11421
INFO: [Common 17-83] Releasing license: Implementation
33 Infos, 139 Warnings, 0 Critical Warnings and 0 Errors encountered.
opt_design completed successfully
opt_design: Time (s): cpu = 00:00:09 ; elapsed = 00:00:09 . Memory (MB): peak = 2584.941 ; gain = 866.180 ; free physical = 9646 ; free virtual = 11421
Netlist sorting complete. Time (s): cpu = 00:00:00 ; elapsed = 00:00:00 . Memory (MB): peak = 2584.941 ; gain = 0.000 ; free physical = 9646 ; free virtual = 11421
INFO: [Timing 38-480] Writing timing data to binary archive.
Writing placer database...
Writing XDEF routing.
Writing XDEF routing logical nets.
Writing XDEF routing special nets.
Write XDEF Complete: Time (s): cpu = 00:00:00.07 ; elapsed = 00:00:00.02 . Memory (MB): peak = 2584.941 ; gain = 0.000 ; free physical = 9643 ; free virtual = 11419
INFO: [Common 17-1381] The checkpoint '/home/dingyi/src/vivado/add/add.runs/impl_1/adder_display_opt.dcp' has been generated.
INFO: [runtcl-4] Executing : report_drc -file adder_display_drc_opted.rpt -pb adder_display_drc_opted.pb -rpx adder_display_drc_opted.rpx
Command: report_drc -file adder_display_drc_opted.rpt -pb adder_display_drc_opted.pb -rpx adder_display_drc_opted.rpx
INFO: [IP_Flow 19-234] Refreshing IP repositories
INFO: [IP_Flow 19-1704] No user IP repositories specified
INFO: [IP_Flow 19-2313] Loaded Vivado IP repository '/opt/Xilinx/Vivado/2019.1/data/ip'.
INFO: [DRC 23-27] Running DRC with 8 threads
INFO: [Coretcl 2-168] The results of DRC are in file /home/dingyi/src/vivado/add/add.runs/impl_1/adder_display_drc_opted.rpt.
report_drc completed successfully
Command: place_design
Attempting to get a license for feature 'Implementation' and/or device 'xc7a200t'
INFO: [Common 17-349] Got license for feature 'Implementation' and/or device 'xc7a200t'
INFO: [DRC 23-27] Running DRC with 8 threads
INFO: [Vivado_Tcl 4-198] DRC finished with 0 Errors
INFO: [Vivado_Tcl 4-199] Please refer to the DRC report (report_drc) for more information.
Running DRC as a precondition to command place_design
INFO: [DRC 23-27] Running DRC with 8 threads
WARNING: [DRC RPBF-3] IO port buffering is incomplete: Device port lcd_data_io[0] expects both input and output buffering but the buffers are incomplete.
WARNING: [DRC RPBF-3] IO port buffering is incomplete: Device port lcd_data_io[10] expects both input and output buffering but the buffers are incomplete.
WARNING: [DRC RPBF-3] IO port buffering is incomplete: Device port lcd_data_io[11] expects both input and output buffering but the buffers are incomplete.
WARNING: [DRC RPBF-3] IO port buffering is incomplete: Device port lcd_data_io[12] expects both input and output buffering but the buffers are incomplete.
WARNING: [DRC RPBF-3] IO port buffering is incomplete: Device port lcd_data_io[13] expects both input and output buffering but the buffers are incomplete.
WARNING: [DRC RPBF-3] IO port buffering is incomplete: Device port lcd_data_io[14] expects both input and output buffering but the buffers are incomplete.
WARNING: [DRC RPBF-3] IO port buffering is incomplete: Device port lcd_data_io[15] expects both input and output buffering but the buffers are incomplete.
WARNING: [DRC RPBF-3] IO port buffering is incomplete: Device port lcd_data_io[1] expects both input and output buffering but the buffers are incomplete.
WARNING: [DRC RPBF-3] IO port buffering is incomplete: Device port lcd_data_io[2] expects both input and output buffering but the buffers are incomplete.
WARNING: [DRC RPBF-3] IO port buffering is incomplete: Device port lcd_data_io[3] expects both input and output buffering but the buffers are incomplete.
WARNING: [DRC RPBF-3] IO port buffering is incomplete: Device port lcd_data_io[4] expects both input and output buffering but the buffers are incomplete.
WARNING: [DRC RPBF-3] IO port buffering is incomplete: Device port lcd_data_io[5] expects both input and output buffering but the buffers are incomplete.
WARNING: [DRC RPBF-3] IO port buffering is incomplete: Device port lcd_data_io[6] expects both input and output buffering but the buffers are incomplete.
WARNING: [DRC RPBF-3] IO port buffering is incomplete: Device port lcd_data_io[7] expects both input and output buffering but the buffers are incomplete.
WARNING: [DRC RPBF-3] IO port buffering is incomplete: Device port lcd_data_io[8] expects both input and output buffering but the buffers are incomplete.
WARNING: [DRC RPBF-3] IO port buffering is incomplete: Device port lcd_data_io[9] expects both input and output buffering but the buffers are incomplete.
INFO: [Vivado_Tcl 4-198] DRC finished with 0 Errors, 16 Warnings
INFO: [Vivado_Tcl 4-199] Please refer to the DRC report (report_drc) for more information.

Starting Placer Task
INFO: [Place 30-611] Multithreading enabled for place_design using a maximum of 8 CPUs

Phase 1 Placer Initialization

Phase 1.1 Placer Initialization Netlist Sorting
Netlist sorting complete. Time (s): cpu = 00:00:00 ; elapsed = 00:00:00 . Memory (MB): peak = 2664.980 ; gain = 0.000 ; free physical = 9629 ; free virtual = 11409
Phase 1.1 Placer Initialization Netlist Sorting | Checksum: f744f938

Time (s): cpu = 00:00:00.02 ; elapsed = 00:00:00.03 . Memory (MB): peak = 2664.980 ; gain = 0.000 ; free physical = 9629 ; free virtual = 11409
Netlist sorting complete. Time (s): cpu = 00:00:00 ; elapsed = 00:00:00 . Memory (MB): peak = 2664.980 ; gain = 0.000 ; free physical = 9629 ; free virtual = 11410

Phase 1.2 IO Placement/ Clock Placement/ Build Placer Device
INFO: [Timing 38-35] Done setting XDC timing constraints.
Phase 1.2 IO Placement/ Clock Placement/ Build Placer Device | Checksum: 105ec5d2f

Time (s): cpu = 00:00:01 ; elapsed = 00:00:00.48 . Memory (MB): peak = 2664.980 ; gain = 0.000 ; free physical = 9620 ; free virtual = 11403

Phase 1.3 Build Placer Netlist Model
Phase 1.3 Build Placer Netlist Model | Checksum: 1c71fc249

Time (s): cpu = 00:00:01 ; elapsed = 00:00:00.54 . Memory (MB): peak = 2664.980 ; gain = 0.000 ; free physical = 9619 ; free virtual = 11403

Phase 1.4 Constrain Clocks/Macros
Phase 1.4 Constrain Clocks/Macros | Checksum: 1c71fc249

Time (s): cpu = 00:00:01 ; elapsed = 00:00:00.54 . Memory (MB): peak = 2664.980 ; gain = 0.000 ; free physical = 9619 ; free virtual = 11403
Phase 1 Placer Initialization | Checksum: 1c71fc249

Time (s): cpu = 00:00:01 ; elapsed = 00:00:00.54 . Memory (MB): peak = 2664.980 ; gain = 0.000 ; free physical = 9619 ; free virtual = 11403

Phase 2 Global Placement

Phase 2.1 Floorplanning
Phase 2.1 Floorplanning | Checksum: 1c71fc249

Time (s): cpu = 00:00:01 ; elapsed = 00:00:00.55 . Memory (MB): peak = 2664.980 ; gain = 0.000 ; free physical = 9614 ; free virtual = 11398

Phase 2.2 Global Placement Core
WARNING: [Place 46-29] place_design is not in timing mode. Skip physical synthesis in placer
Phase 2.2 Global Placement Core | Checksum: 1cbc315a5

Time (s): cpu = 00:00:06 ; elapsed = 00:00:01 . Memory (MB): peak = 2664.980 ; gain = 0.000 ; free physical = 9569 ; free virtual = 11354
Phase 2 Global Placement | Checksum: 1cbc315a5

Time (s): cpu = 00:00:06 ; elapsed = 00:00:01 . Memory (MB): peak = 2664.980 ; gain = 0.000 ; free physical = 9569 ; free virtual = 11354

Phase 3 Detail Placement

Phase 3.1 Commit Multi Column Macros
Phase 3.1 Commit Multi Column Macros | Checksum: 1cbc315a5

Time (s): cpu = 00:00:06 ; elapsed = 00:00:01 . Memory (MB): peak = 2664.980 ; gain = 0.000 ; free physical = 9569 ; free virtual = 11354

Phase 3.2 Commit Most Macros & LUTRAMs
Phase 3.2 Commit Most Macros & LUTRAMs | Checksum: 19090ead4

Time (s): cpu = 00:00:06 ; elapsed = 00:00:01 . Memory (MB): peak = 2664.980 ; gain = 0.000 ; free physical = 9569 ; free virtual = 11354

Phase 3.3 Area Swap Optimization
Phase 3.3 Area Swap Optimization | Checksum: 1ac4241f2

Time (s): cpu = 00:00:06 ; elapsed = 00:00:01 . Memory (MB): peak = 2664.980 ; gain = 0.000 ; free physical = 9569 ; free virtual = 11354

Phase 3.4 Pipeline Register Optimization
Phase 3.4 Pipeline Register Optimization | Checksum: 1ac4241f2

Time (s): cpu = 00:00:06 ; elapsed = 00:00:01 . Memory (MB): peak = 2664.980 ; gain = 0.000 ; free physical = 9570 ; free virtual = 11354

Phase 3.5 Small Shape Detail Placement
Phase 3.5 Small Shape Detail Placement | Checksum: 196bdf237

Time (s): cpu = 00:00:07 ; elapsed = 00:00:02 . Memory (MB): peak = 2664.980 ; gain = 0.000 ; free physical = 9564 ; free virtual = 11350

Phase 3.6 Re-assign LUT pins
Phase 3.6 Re-assign LUT pins | Checksum: 196bdf237

Time (s): cpu = 00:00:07 ; elapsed = 00:00:02 . Memory (MB): peak = 2664.980 ; gain = 0.000 ; free physical = 9564 ; free virtual = 11350

Phase 3.7 Pipeline Register Optimization
Phase 3.7 Pipeline Register Optimization | Checksum: 196bdf237

Time (s): cpu = 00:00:07 ; elapsed = 00:00:02 . Memory (MB): peak = 2664.980 ; gain = 0.000 ; free physical = 9564 ; free virtual = 11350
Phase 3 Detail Placement | Checksum: 196bdf237

Time (s): cpu = 00:00:07 ; elapsed = 00:00:02 . Memory (MB): peak = 2664.980 ; gain = 0.000 ; free physical = 9565 ; free virtual = 11350

Phase 4 Post Placement Optimization and Clean-Up

Phase 4.1 Post Commit Optimization
Phase 4.1 Post Commit Optimization | Checksum: 196bdf237

Time (s): cpu = 00:00:07 ; elapsed = 00:00:02 . Memory (MB): peak = 2664.980 ; gain = 0.000 ; free physical = 9565 ; free virtual = 11350

Phase 4.2 Post Placement Cleanup
Phase 4.2 Post Placement Cleanup | Checksum: 196bdf237

Time (s): cpu = 00:00:07 ; elapsed = 00:00:02 . Memory (MB): peak = 2664.980 ; gain = 0.000 ; free physical = 9568 ; free virtual = 11354

Phase 4.3 Placer Reporting
Phase 4.3 Placer Reporting | Checksum: 196bdf237

Time (s): cpu = 00:00:07 ; elapsed = 00:00:02 . Memory (MB): peak = 2664.980 ; gain = 0.000 ; free physical = 9568 ; free virtual = 11354

Phase 4.4 Final Placement Cleanup
Netlist sorting complete. Time (s): cpu = 00:00:00.01 ; elapsed = 00:00:00 . Memory (MB): peak = 2664.980 ; gain = 0.000 ; free physical = 9568 ; free virtual = 11354
Phase 4.4 Final Placement Cleanup | Checksum: 1ad6e0254

Time (s): cpu = 00:00:07 ; elapsed = 00:00:02 . Memory (MB): peak = 2664.980 ; gain = 0.000 ; free physical = 9568 ; free virtual = 11354
Phase 4 Post Placement Optimization and Clean-Up | Checksum: 1ad6e0254

Time (s): cpu = 00:00:07 ; elapsed = 00:00:02 . Memory (MB): peak = 2664.980 ; gain = 0.000 ; free physical = 9568 ; free virtual = 11354
Ending Placer Task | Checksum: 1443ce0b2

Time (s): cpu = 00:00:07 ; elapsed = 00:00:02 . Memory (MB): peak = 2664.980 ; gain = 0.000 ; free physical = 9568 ; free virtual = 11354
INFO: [Common 17-83] Releasing license: Implementation
51 Infos, 156 Warnings, 0 Critical Warnings and 0 Errors encountered.
place_design completed successfully
Netlist sorting complete. Time (s): cpu = 00:00:00 ; elapsed = 00:00:00 . Memory (MB): peak = 2664.980 ; gain = 0.000 ; free physical = 9606 ; free virtual = 11391
INFO: [Timing 38-480] Writing timing data to binary archive.
Writing placer database...
Writing XDEF routing.
Writing XDEF routing logical nets.
Writing XDEF routing special nets.
Write XDEF Complete: Time (s): cpu = 00:00:00.29 ; elapsed = 00:00:00.08 . Memory (MB): peak = 2664.980 ; gain = 0.000 ; free physical = 9602 ; free virtual = 11390
INFO: [Common 17-1381] The checkpoint '/home/dingyi/src/vivado/add/add.runs/impl_1/adder_display_placed.dcp' has been generated.
INFO: [runtcl-4] Executing : report_io -file adder_display_io_placed.rpt
report_io: Time (s): cpu = 00:00:00.11 ; elapsed = 00:00:00.15 . Memory (MB): peak = 2664.980 ; gain = 0.000 ; free physical = 9588 ; free virtual = 11374
INFO: [runtcl-4] Executing : report_utilization -file adder_display_utilization_placed.rpt -pb adder_display_utilization_placed.pb
INFO: [runtcl-4] Executing : report_control_sets -verbose -file adder_display_control_sets_placed.rpt
report_control_sets: Time (s): cpu = 00:00:00.02 ; elapsed = 00:00:00.05 . Memory (MB): peak = 2664.980 ; gain = 0.000 ; free physical = 9602 ; free virtual = 11389
Command: route_design
Attempting to get a license for feature 'Implementation' and/or device 'xc7a200t'
INFO: [Common 17-349] Got license for feature 'Implementation' and/or device 'xc7a200t'
Running DRC as a precondition to command route_design
INFO: [DRC 23-27] Running DRC with 8 threads
INFO: [Vivado_Tcl 4-198] DRC finished with 0 Errors
INFO: [Vivado_Tcl 4-199] Please refer to the DRC report (report_drc) for more information.


Starting Routing Task
INFO: [Route 35-254] Multithreading enabled for route_design using a maximum of 8 CPUs
Checksum: PlaceDB: c0026cfd ConstDB: 0 ShapeSum: 843a73b5 RouteDB: 0

Phase 1 Build RT Design
Phase 1 Build RT Design | Checksum: 9d9a8440

Time (s): cpu = 00:00:36 ; elapsed = 00:00:29 . Memory (MB): peak = 2671.012 ; gain = 6.031 ; free physical = 9379 ; free virtual = 11166
Post Restoration Checksum: NetGraph: 221ddda6 NumContArr: 7b7ca69a Constraints: 0 Timing: 0

Phase 2 Router Initialization
INFO: [Route 35-64] No timing constraints were detected. The router will operate in resource-optimization mode.

Phase 2.1 Fix Topology Constraints
Phase 2.1 Fix Topology Constraints | Checksum: 9d9a8440

Time (s): cpu = 00:00:36 ; elapsed = 00:00:29 . Memory (MB): peak = 2701.008 ; gain = 36.027 ; free physical = 9336 ; free virtual = 11123

Phase 2.2 Pre Route Cleanup
Phase 2.2 Pre Route Cleanup | Checksum: 9d9a8440

Time (s): cpu = 00:00:36 ; elapsed = 00:00:29 . Memory (MB): peak = 2701.008 ; gain = 36.027 ; free physical = 9336 ; free virtual = 11123
 Number of Nodes with overlaps = 0
Phase 2 Router Initialization | Checksum: 149e7f4fa

Time (s): cpu = 00:00:36 ; elapsed = 00:00:29 . Memory (MB): peak = 2717.523 ; gain = 52.543 ; free physical = 9326 ; free virtual = 11110

Router Utilization Summary
  Global Vertical Routing Utilization    = 0 %
  Global Horizontal Routing Utilization  = 0 %
  Routable Net Status*
  *Does not include unroutable nets such as driverless and loadless.
  Run report_route_status for detailed report.
  Number of Failed Nets               = 908
    (Failed Nets is the sum of unrouted and partially routed nets)
  Number of Unrouted Nets             = 908
  Number of Partially Routed Nets     = 0
  Number of Node Overlaps             = 0


Phase 3 Initial Routing
Phase 3 Initial Routing | Checksum: bc252d26

Time (s): cpu = 00:00:38 ; elapsed = 00:00:30 . Memory (MB): peak = 2723.867 ; gain = 58.887 ; free physical = 9322 ; free virtual = 11107

Phase 4 Rip-up And Reroute

Phase 4.1 Global Iteration 0
 Number of Nodes with overlaps = 133
 Number of Nodes with overlaps = 0
Phase 4.1 Global Iteration 0 | Checksum: 1d9c92657

Time (s): cpu = 00:00:38 ; elapsed = 00:00:30 . Memory (MB): peak = 2723.867 ; gain = 58.887 ; free physical = 9323 ; free virtual = 11108
Phase 4 Rip-up And Reroute | Checksum: 1d9c92657

Time (s): cpu = 00:00:38 ; elapsed = 00:00:30 . Memory (MB): peak = 2723.867 ; gain = 58.887 ; free physical = 9323 ; free virtual = 11108

Phase 5 Delay and Skew Optimization
Phase 5 Delay and Skew Optimization | Checksum: 1d9c92657

Time (s): cpu = 00:00:38 ; elapsed = 00:00:30 . Memory (MB): peak = 2723.867 ; gain = 58.887 ; free physical = 9323 ; free virtual = 11108

Phase 6 Post Hold Fix

Phase 6.1 Hold Fix Iter
Phase 6.1 Hold Fix Iter | Checksum: 1d9c92657

Time (s): cpu = 00:00:38 ; elapsed = 00:00:30 . Memory (MB): peak = 2723.867 ; gain = 58.887 ; free physical = 9323 ; free virtual = 11108
Phase 6 Post Hold Fix | Checksum: 1d9c92657

Time (s): cpu = 00:00:38 ; elapsed = 00:00:30 . Memory (MB): peak = 2723.867 ; gain = 58.887 ; free physical = 9323 ; free virtual = 11108

Phase 7 Route finalize

Router Utilization Summary
  Global Vertical Routing Utilization    = 0.0561393 %
  Global Horizontal Routing Utilization  = 0.0682089 %
  Routable Net Status*
  *Does not include unroutable nets such as driverless and loadless.
  Run report_route_status for detailed report.
  Number of Failed Nets               = 0
    (Failed Nets is the sum of unrouted and partially routed nets)
  Number of Unrouted Nets             = 0
  Number of Partially Routed Nets     = 0
  Number of Node Overlaps             = 0

Congestion Report
North Dir 1x1 Area, Max Cong = 18.018%, No Congested Regions.
South Dir 1x1 Area, Max Cong = 25.2252%, No Congested Regions.
East Dir 1x1 Area, Max Cong = 27.9412%, No Congested Regions.
West Dir 1x1 Area, Max Cong = 25%, No Congested Regions.

------------------------------
Reporting congestion hotspots
------------------------------
Direction: North
----------------
Congested clusters found at Level 0
Effective congestion level: 0 Aspect Ratio: 1 Sparse Ratio: 0
Direction: South
----------------
Congested clusters found at Level 0
Effective congestion level: 0 Aspect Ratio: 1 Sparse Ratio: 0
Direction: East
----------------
Congested clusters found at Level 0
Effective congestion level: 0 Aspect Ratio: 1 Sparse Ratio: 0
Direction: West
----------------
Congested clusters found at Level 0
Effective congestion level: 0 Aspect Ratio: 1 Sparse Ratio: 0

Phase 7 Route finalize | Checksum: 1d9c92657

Time (s): cpu = 00:00:39 ; elapsed = 00:00:30 . Memory (MB): peak = 2723.867 ; gain = 58.887 ; free physical = 9323 ; free virtual = 11108

Phase 8 Verifying routed nets

 Verification completed successfully
Phase 8 Verifying routed nets | Checksum: 1d9c92657

Time (s): cpu = 00:00:39 ; elapsed = 00:00:30 . Memory (MB): peak = 2723.867 ; gain = 58.887 ; free physical = 9321 ; free virtual = 11106

Phase 9 Depositing Routes
Phase 9 Depositing Routes | Checksum: 159a32adc

Time (s): cpu = 00:00:39 ; elapsed = 00:00:30 . Memory (MB): peak = 2723.867 ; gain = 58.887 ; free physical = 9321 ; free virtual = 11106
INFO: [Route 35-16] Router Completed Successfully

Time (s): cpu = 00:00:39 ; elapsed = 00:00:30 . Memory (MB): peak = 2723.867 ; gain = 58.887 ; free physical = 9372 ; free virtual = 11157

Routing Is Done.
INFO: [Common 17-83] Releasing license: Implementation
64 Infos, 156 Warnings, 0 Critical Warnings and 0 Errors encountered.
route_design completed successfully
route_design: Time (s): cpu = 00:00:41 ; elapsed = 00:00:32 . Memory (MB): peak = 2723.867 ; gain = 58.887 ; free physical = 9369 ; free virtual = 11154
Netlist sorting complete. Time (s): cpu = 00:00:00 ; elapsed = 00:00:00 . Memory (MB): peak = 2723.867 ; gain = 0.000 ; free physical = 9370 ; free virtual = 11154
INFO: [Timing 38-480] Writing timing data to binary archive.
Writing placer database...
Writing XDEF routing.
Writing XDEF routing logical nets.
Writing XDEF routing special nets.
Write XDEF Complete: Time (s): cpu = 00:00:00.27 ; elapsed = 00:00:00.08 . Memory (MB): peak = 2723.867 ; gain = 0.000 ; free physical = 9365 ; free virtual = 11152
INFO: [Common 17-1381] The checkpoint '/home/dingyi/src/vivado/add/add.runs/impl_1/adder_display_routed.dcp' has been generated.
INFO: [runtcl-4] Executing : report_drc -file adder_display_drc_routed.rpt -pb adder_display_drc_routed.pb -rpx adder_display_drc_routed.rpx
Command: report_drc -file adder_display_drc_routed.rpt -pb adder_display_drc_routed.pb -rpx adder_display_drc_routed.rpx
INFO: [IP_Flow 19-1839] IP Catalog is up to date.
INFO: [DRC 23-27] Running DRC with 8 threads
INFO: [Coretcl 2-168] The results of DRC are in file /home/dingyi/src/vivado/add/add.runs/impl_1/adder_display_drc_routed.rpt.
report_drc completed successfully
INFO: [runtcl-4] Executing : report_methodology -file adder_display_methodology_drc_routed.rpt -pb adder_display_methodology_drc_routed.pb -rpx adder_display_methodology_drc_routed.rpx
Command: report_methodology -file adder_display_methodology_drc_routed.rpt -pb adder_display_methodology_drc_routed.pb -rpx adder_display_methodology_drc_routed.rpx
INFO: [Timing 38-35] Done setting XDC timing constraints.
INFO: [DRC 23-133] Running Methodology with 8 threads
INFO: [Coretcl 2-1520] The results of Report Methodology are in file /home/dingyi/src/vivado/add/add.runs/impl_1/adder_display_methodology_drc_routed.rpt.
report_methodology completed successfully
INFO: [runtcl-4] Executing : report_power -file adder_display_power_routed.rpt -pb adder_display_power_summary_routed.pb -rpx adder_display_power_routed.rpx
Command: report_power -file adder_display_power_routed.rpt -pb adder_display_power_summary_routed.pb -rpx adder_display_power_routed.rpx
INFO: [Timing 38-35] Done setting XDC timing constraints.
WARNING: [Power 33-232] No user defined clocks were found in the design! Power estimation will be inaccurate until this is corrected.
Resolution: Please specify clocks using create_clock/create_generated_clock for sequential elements. For pure combinatorial circuits, please specify a virtual clock, otherwise the vectorless estimation might be inaccurate
Running Vector-less Activity Propagation...

Finished Running Vector-less Activity Propagation
76 Infos, 157 Warnings, 0 Critical Warnings and 0 Errors encountered.
report_power completed successfully
INFO: [runtcl-4] Executing : report_route_status -file adder_display_route_status.rpt -pb adder_display_route_status.pb
INFO: [runtcl-4] Executing : report_timing_summary -max_paths 10 -file adder_display_timing_summary_routed.rpt -pb adder_display_timing_summary_routed.pb -rpx adder_display_timing_summary_routed.rpx -warn_on_violation 
INFO: [Timing 38-91] UpdateTimingParams: Speed grade: -2, Delay Type: min_max.
INFO: [Timing 38-191] Multithreading enabled for timing update using a maximum of 8 CPUs
WARNING: [Timing 38-313] There are no user specified timing constraints. Timing constraints are needed for proper timing analysis.
INFO: [runtcl-4] Executing : report_incremental_reuse -file adder_display_incremental_reuse_routed.rpt
INFO: [Vivado_Tcl 4-1062] Incremental flow is disabled. No incremental reuse Info to report.
INFO: [runtcl-4] Executing : report_clock_utilization -file adder_display_clock_utilization_routed.rpt
INFO: [runtcl-4] Executing : report_bus_skew -warn_on_violation -file adder_display_bus_skew_routed.rpt -pb adder_display_bus_skew_routed.pb -rpx adder_display_bus_skew_routed.rpx
INFO: [Timing 38-91] UpdateTimingParams: Speed grade: -2, Delay Type: min_max.
INFO: [Timing 38-191] Multithreading enabled for timing update using a maximum of 8 CPUs
INFO: [Common 17-206] Exiting Vivado at Mon Mar 22 19:02:40 2021...

*** Running vivado
    with args -log adder_display.vdi -applog -m64 -product Vivado -messageDb vivado.pb -mode batch -source adder_display.tcl -notrace


****** Vivado v2019.1 (64-bit)
  **** SW Build 2552052 on Fri May 24 14:47:09 MDT 2019
  **** IP Build 2548770 on Fri May 24 18:01:18 MDT 2019
    ** Copyright 1986-2019 Xilinx, Inc. All Rights Reserved.

source adder_display.tcl -notrace
Command: open_checkpoint adder_display_routed.dcp

Starting open_checkpoint Task

Time (s): cpu = 00:00:00.03 ; elapsed = 00:00:00.05 . Memory (MB): peak = 1371.668 ; gain = 0.000 ; free physical = 10496 ; free virtual = 12286
INFO: [Device 21-403] Loading part xc7a200tfbg676-2
INFO: [Netlist 29-17] Analyzing 26 Unisim elements for replacement
INFO: [Netlist 29-28] Unisim Transformation completed in 0 CPU seconds
INFO: [Project 1-479] Netlist was created with Vivado 2019.1
INFO: [Project 1-570] Preparing netlist for logic optimization
INFO: [Timing 38-478] Restoring timing data from binary archive.
INFO: [Timing 38-479] Binary timing data restore complete.
INFO: [Project 1-856] Restoring constraints from binary archive.
INFO: [Project 1-853] Binary constraint restore complete.
Reading XDEF placement.
Reading placer database...
Reading XDEF routing.
Read XDEF File: Time (s): cpu = 00:00:00.13 ; elapsed = 00:00:00.15 . Memory (MB): peak = 2213.340 ; gain = 19.812 ; free physical = 9638 ; free virtual = 11428
Restored from archive | CPU: 0.140000 secs | Memory: 2.190735 MB |
Finished XDEF File Restore: Time (s): cpu = 00:00:00.13 ; elapsed = 00:00:00.15 . Memory (MB): peak = 2213.340 ; gain = 19.812 ; free physical = 9638 ; free virtual = 11428
Netlist sorting complete. Time (s): cpu = 00:00:00 ; elapsed = 00:00:00 . Memory (MB): peak = 2213.340 ; gain = 0.000 ; free physical = 9640 ; free virtual = 11430
INFO: [Project 1-111] Unisim Transformation Summary:
  A total of 2 instances were transformed.
  IOBUF => IOBUF (IBUF, OBUFT): 2 instances

INFO: [Project 1-604] Checkpoint was created with Vivado v2019.1 (64-bit) build 2552052
open_checkpoint: Time (s): cpu = 00:00:09 ; elapsed = 00:00:10 . Memory (MB): peak = 2213.340 ; gain = 841.672 ; free physical = 9639 ; free virtual = 11429
Command: write_bitstream -force adder_display.bit
Attempting to get a license for feature 'Implementation' and/or device 'xc7a200t'
INFO: [Common 17-349] Got license for feature 'Implementation' and/or device 'xc7a200t'
Running DRC as a precondition to command write_bitstream
INFO: [IP_Flow 19-234] Refreshing IP repositories
INFO: [IP_Flow 19-1704] No user IP repositories specified
INFO: [IP_Flow 19-2313] Loaded Vivado IP repository '/opt/Xilinx/Vivado/2019.1/data/ip'.
INFO: [DRC 23-27] Running DRC with 8 threads
WARNING: [DRC BUFC-1] Input Buffer Connections: Input buffer lcd_module/touch_module/int_io/IBUF has no loads. It is recommended to have an input buffer drive an internal load.
WARNING: [DRC CFGBVS-1] Missing CFGBVS and CONFIG_VOLTAGE Design Properties: Neither the CFGBVS nor CONFIG_VOLTAGE voltage property is set in the current_design.  Configuration bank voltage select (CFGBVS) must be set to VCCO or GND, and CONFIG_VOLTAGE must be set to the correct configuration voltage, in order to determine the I/O voltage support for the pins in bank 0.  It is suggested to specify these either using the 'Edit Device Properties' function in the GUI or directly in the XDC file using the following syntax:

 set_property CFGBVS value1 [current_design]
 #where value1 is either VCCO or GND

 set_property CONFIG_VOLTAGE value2 [current_design]
 #where value2 is the voltage provided to configuration bank 0

Refer to the device configuration user guide for more information.
INFO: [Vivado 12-3199] DRC finished with 0 Errors, 2 Warnings
INFO: [Vivado 12-3200] Please refer to the DRC report (report_drc) for more information.
INFO: [Designutils 20-2272] Running write_bitstream with 8 threads.
Loading data files...
Loading site data...
Loading route data...
Processing options...
Creating bitmap...
Creating bitstream...
Writing bitstream ./adder_display.bit...
INFO: [Vivado 12-1842] Bitgen Completed Successfully.
INFO: [Project 1-120] WebTalk data collection is mandatory when using a WebPACK part without a full Vivado license. To see the specific WebTalk data collected for your design, open the usage_statistics_webtalk.html or usage_statistics_webtalk.xml file in the implementation directory.
INFO: [Common 17-186] '/home/dingyi/src/vivado/add/add.runs/impl_1/usage_statistics_webtalk.xml' has been successfully sent to Xilinx on Mon Mar 22 19:03:23 2021. For additional details about this file, please refer to the WebTalk help file at /opt/Xilinx/Vivado/2019.1/doc/webtalk_introduction.html.
INFO: [Common 17-83] Releasing license: Implementation
23 Infos, 2 Warnings, 0 Critical Warnings and 0 Errors encountered.
write_bitstream completed successfully
write_bitstream: Time (s): cpu = 00:00:13 ; elapsed = 00:00:19 . Memory (MB): peak = 2719.098 ; gain = 505.758 ; free physical = 9492 ; free virtual = 11301
INFO: [Common 17-206] Exiting Vivado at Mon Mar 22 19:03:23 2021...
